<?xml version="1.0" encoding="UTF-8"?>
<!-- Generated by org.testng.reporters.JUnitReportReporter -->
<testsuite hostname="DESKTOP-5QLF42K" failures="0" tests="1" name="cucumber.Options.TestRunner" time="5.964" errors="0" timestamp="2024-10-30T02:15:18 IST" skipped="0">
  <testcase classname="cucumber.Options.TestRunner" name="runScenario" time="5.964"/>
</testsuite> <!-- cucumber.Options.TestRunner -->
