<?xml version="1.0" encoding="UTF-8"?>
<!-- Generated by org.testng.reporters.JUnitReportReporter -->
<testsuite hostname="DESKTOP-5QLF42K" failures="0" tests="2" name="cucumber.Options.TestRunner" time="7.271" errors="0" timestamp="2024-11-05T23:57:18 IST" skipped="0">
  <testcase classname="cucumber.Options.TestRunner" name="runScenario" time="6.890"/>
  <testcase classname="cucumber.Options.TestRunner" name="runScenario" time="0.381"/>
</testsuite> <!-- cucumber.Options.TestRunner -->
